GL_LOG_FILE log. local time Thu Mar 17 22:01:03 2016
build version: Dec 29 2015 11:02:51

starting GLFW
3.0.4 X11 GLX glXGetProcAddress clock_gettime /dev/js shared
renderer: AMD Radeon HD 7660G
version: 4.4.13374 Compatibility Profile Context 15.20.1013
GL Context Params:
GL_MAX_COMBINED_TEXTURE_IMAGE_UNITS 108
GL_MAX_CUBE_MAP_TEXTURE_SIZE 16384
GL_MAX_DRAW_BUFFERS 8
GL_MAX_FRAGMENT_UNIFORM_COMPONENTS 16384
GL_MAX_TEXTURE_IMAGE_UNITS 18
GL_MAX_TEXTURE_SIZE 16384
GL_MAX_VARYING_FLOATS 128
GL_MAX_VERTEX_ATTRIBS 29
GL_MAX_VERTEX_TEXTURE_IMAGE_UNITS 18
GL_MAX_VERTEX_UNIFORM_COMPONENTS 16384
GL_MAX_VIEWPORT_DIMS 16384 16384
GL_STEREO 0
-----------------------------
